<?xml version='1.0' encoding='UTF-8' ?>
<testsuite name="com.example.projeto.ExampleInstrumentedTest" tests="1" failures="0" errors="0" skipped="0" time="0.833" timestamp="2023-05-29T01:40:10" hostname="localhost">
  <properties>
    <property name="device" value="Pixel_2_API_30(AVD) - 11" />
    <property name="flavor" value="" />
    <property name="project" value=":app" />
  </properties>
  <testcase name="useAppContext" classname="com.example.projeto.ExampleInstrumentedTest" time="0.055" />
</testsuite>